# JRE version: Java(TM) SE Runtime Environment (8.0_25-b18) (build 1.8.0_25-b18)
# Java VM: Java HotSpot(TM) 64-Bit Server VM (25.25-b02 mixed mode windows-amd64 compressed oops)
Heap:
 PSYoungGen      total 54272K, used 9002K [0x00000007bc400000, 0x00000007c0000000, 0x00000007c0000000)
  eden space 47104K, 7% used [0x00000007bc400000,0x00000007bc793a38,0x00000007bf200000)
  from space 7168K, 74% used [0x00000007bf200000,0x00000007bf7370e0,0x00000007bf900000)
  to   space 7168K, 0% used [0x00000007bf900000,0x00000007bf900000,0x00000007c0000000)
 ParOldGen       total 144896K, used 48407K [0x0000000700000000, 0x0000000708d80000, 0x00000007bc400000)
  object space 144896K, 33% used [0x0000000700000000,0x0000000702f45c88,0x0000000708d80000)
 Metaspace       used 56649K, capacity 57061K, committed 57648K, reserved 1099776K
  class space    used 8089K, capacity 8169K, committed 8240K, reserved 1048576K
GC Heap History (10 events):
Event: 1639.952 GC heap before
{Heap before GC invocations=85 (full 6):
 PSYoungGen      total 54784K, used 52034K [0x00000007bc400000, 0x00000007c0000000, 0x00000007c0000000)
  eden space 47616K, 100% used [0x00000007bc400000,0x00000007bf280000,0x00000007bf280000)
  from space 7168K, 61% used [0x00000007bf900000,0x00000007bfd50810,0x00000007c0000000)
  to   space 6656K, 0% used [0x00000007bf280000,0x00000007bf280000,0x00000007bf900000)
 ParOldGen       total 144896K, used 47567K [0x0000000700000000, 0x0000000708d80000, 0x00000007bc400000)
  object space 144896K, 32% used [0x0000000700000000,0x0000000702e73c88,0x0000000708d80000)
 Metaspace       used 56553K, capacity 56933K, committed 57392K, reserved 1097728K
  class space    used 8089K, capacity 8169K, committed 8240K, reserved 1048576K
Event: 1639.957 GC heap after
Heap after GC invocations=85 (full 6):
 PSYoungGen      total 54272K, used 5420K [0x00000007bc400000, 0x00000007c0000000, 0x00000007c0000000)
  eden space 47616K, 0% used [0x00000007bc400000,0x00000007bc400000,0x00000007bf280000)
  from space 6656K, 81% used [0x00000007bf280000,0x00000007bf7cb3b8,0x00000007bf900000)
  to   space 7168K, 0% used [0x00000007bf900000,0x00000007bf900000,0x00000007c0000000)
 ParOldGen       total 144896K, used 47647K [0x0000000700000000, 0x0000000708d80000, 0x00000007bc400000)
  object space 144896K, 32% used [0x0000000700000000,0x0000000702e87c88,0x0000000708d80000)
 Metaspace       used 56553K, capacity 56933K, committed 57392K, reserved 1097728K
  class space    used 8089K, capacity 8169K, committed 8240K, reserved 1048576K
}
Event: 1689.278 GC heap before
{Heap before GC invocations=86 (full 6):
 PSYoungGen      total 54272K, used 53036K [0x00000007bc400000, 0x00000007c0000000, 0x00000007c0000000)
  eden space 47616K, 100% used [0x00000007bc400000,0x00000007bf280000,0x00000007bf280000)
  from space 6656K, 81% used [0x00000007bf280000,0x00000007bf7cb3b8,0x00000007bf900000)
  to   space 7168K, 0% used [0x00000007bf900000,0x00000007bf900000,0x00000007c0000000)
 ParOldGen       total 144896K, used 47647K [0x0000000700000000, 0x0000000708d80000, 0x00000007bc400000)
  object space 144896K, 32% used [0x0000000700000000,0x0000000702e87c88,0x0000000708d80000)
 Metaspace       used 56616K, capacity 56997K, committed 57648K, reserved 1099776K
  class space    used 8089K, capacity 8169K, committed 8240K, reserved 1048576K
Event: 1689.283 GC heap after
Heap after GC invocations=86 (full 6):
 PSYoungGen      total 54272K, used 5967K [0x00000007bc400000, 0x00000007c0000000, 0x00000007c0000000)
  eden space 47104K, 0% used [0x00000007bc400000,0x00000007bc400000,0x00000007bf200000)
  from space 7168K, 83% used [0x00000007bf900000,0x00000007bfed3d50,0x00000007c0000000)
  to   space 7168K, 0% used [0x00000007bf200000,0x00000007bf200000,0x00000007bf900000)
 ParOldGen       total 144896K, used 47743K [0x0000000700000000, 0x0000000708d80000, 0x00000007bc400000)
  object space 144896K, 32% used [0x0000000700000000,0x0000000702e9fc88,0x0000000708d80000)
 Metaspace       used 56616K, capacity 56997K, committed 57648K, reserved 1099776K
  class space    used 8089K, capacity 8169K, committed 8240K, reserved 1048576K
}
Event: 1736.954 GC heap before
{Heap before GC invocations=87 (full 6):
 PSYoungGen      total 54272K, used 53071K [0x00000007bc400000, 0x00000007c0000000, 0x00000007c0000000)
  eden space 47104K, 100% used [0x00000007bc400000,0x00000007bf200000,0x00000007bf200000)
  from space 7168K, 83% used [0x00000007bf900000,0x00000007bfed3d50,0x00000007c0000000)
  to   space 7168K, 0% used [0x00000007bf200000,0x00000007bf200000,0x00000007bf900000)
 ParOldGen       total 144896K, used 47743K [0x0000000700000000, 0x0000000708d80000, 0x00000007bc400000)
  object space 144896K, 32% used [0x0000000700000000,0x0000000702e9fc88,0x0000000708d80000)
 Metaspace       used 56619K, capacity 56997K, committed 57648K, reserved 1099776K
  class space    used 8089K, capacity 8169K, committed 8240K, reserved 1048576K
Event: 1736.959 GC heap after
Heap after GC invocations=87 (full 6):
 PSYoungGen      total 54272K, used 5066K [0x00000007bc400000, 0x00000007c0000000, 0x00000007c0000000)
  eden space 47104K, 0% used [0x00000007bc400000,0x00000007bc400000,0x00000007bf200000)
  from space 7168K, 70% used [0x00000007bf200000,0x00000007bf6f2a68,0x00000007bf900000)
  to   space 7168K, 0% used [0x00000007bf900000,0x00000007bf900000,0x00000007c0000000)
 ParOldGen       total 144896K, used 48079K [0x0000000700000000, 0x0000000708d80000, 0x00000007bc400000)
  object space 144896K, 33% used [0x0000000700000000,0x0000000702ef3c88,0x0000000708d80000)
 Metaspace       used 56619K, capacity 56997K, committed 57648K, reserved 1099776K
  class space    used 8089K, capacity 8169K, committed 8240K, reserved 1048576K
}
Event: 1737.641 GC heap before
{Heap before GC invocations=88 (full 6):
 PSYoungGen      total 54272K, used 52170K [0x00000007bc400000, 0x00000007c0000000, 0x00000007c0000000)
  eden space 47104K, 100% used [0x00000007bc400000,0x00000007bf200000,0x00000007bf200000)
  from space 7168K, 70% used [0x00000007bf200000,0x00000007bf6f2a68,0x00000007bf900000)
  to   space 7168K, 0% used [0x00000007bf900000,0x00000007bf900000,0x00000007c0000000)
 ParOldGen       total 144896K, used 48079K [0x0000000700000000, 0x0000000708d80000, 0x00000007bc400000)
  object space 144896K, 33% used [0x0000000700000000,0x0000000702ef3c88,0x0000000708d80000)
 Metaspace       used 56628K, capacity 56997K, committed 57648K, reserved 1099776K
  class space    used 8089K, capacity 8169K, committed 8240K, reserved 1048576K
Event: 1737.645 GC heap after
Heap after GC invocations=88 (full 6):
 PSYoungGen      total 54272K, used 5038K [0x00000007bc400000, 0x00000007c0000000, 0x00000007c0000000)
  eden space 47104K, 0% used [0x00000007bc400000,0x00000007bc400000,0x00000007bf200000)
  from space 7168K, 70% used [0x00000007bf900000,0x00000007bfdeb9c0,0x00000007c0000000)
  to   space 7168K, 0% used [0x00000007bf200000,0x00000007bf200000,0x00000007bf900000)
 ParOldGen       total 144896K, used 48239K [0x0000000700000000, 0x0000000708d80000, 0x00000007bc400000)
  object space 144896K, 33% used [0x0000000700000000,0x0000000702f1bc88,0x0000000708d80000)
 Metaspace       used 56628K, capacity 56997K, committed 57648K, reserved 1099776K
  class space    used 8089K, capacity 8169K, committed 8240K, reserved 1048576K
}
Event: 1739.298 GC heap before
{Heap before GC invocations=89 (full 6):
 PSYoungGen      total 54272K, used 52142K [0x00000007bc400000, 0x00000007c0000000, 0x00000007c0000000)
  eden space 47104K, 100% used [0x00000007bc400000,0x00000007bf200000,0x00000007bf200000)
  from space 7168K, 70% used [0x00000007bf900000,0x00000007bfdeb9c0,0x00000007c0000000)
  to   space 7168K, 0% used [0x00000007bf200000,0x00000007bf200000,0x00000007bf900000)
 ParOldGen       total 144896K, used 48239K [0x0000000700000000, 0x0000000708d80000, 0x00000007bc400000)
  object space 144896K, 33% used [0x0000000700000000,0x0000000702f1bc88,0x0000000708d80000)
 Metaspace       used 56649K, capacity 57061K, committed 57648K, reserved 1099776K
  class space    used 8089K, capacity 8169K, committed 8240K, reserved 1048576K
Event: 1739.304 GC heap after
Heap after GC invocations=89 (full 6):
 PSYoungGen      total 54272K, used 5340K [0x00000007bc400000, 0x00000007c0000000, 0x00000007c0000000)
  eden space 47104K, 0% used [0x00000007bc400000,0x00000007bc400000,0x00000007bf200000)
  from space 7168K, 74% used [0x00000007bf200000,0x00000007bf7370e0,0x00000007bf900000)
  to   space 7168K, 0% used [0x00000007bf900000,0x00000007bf900000,0x00000007c0000000)
 ParOldGen       total 144896K, used 48407K [0x0000000700000000, 0x0000000708d80000, 0x00000007bc400000)
  object space 144896K, 33% used [0x0000000700000000,0x0000000702f45c88,0x0000000708d80000)
 Metaspace       used 56649K, capacity 57061K, committed 57648K, reserved 1099776K
  class space    used 8089K, capacity 8169K, committed 8240K, reserved 1048576K
}

